<?xml version="1.0" encoding="UTF-8"?>
<robot generator="Robot 6.0.1 (Python 3.11.1 on win32)" generated="20240111 13:55:48.922" rpa="false" schemaversion="3">
<suite id="s1" name="TestCase8 products page" source="C:\Tests\RobotFrameworkPorfolio\tests\test_suites_01\TestCase8_products_page.robot">
<test id="s1-t1" name="Products page is opened successfully" line="23">
<kw name="Open browser and install add_extension to block the ads" library="disableAds">
<kw name="Evaluate" library="BuiltIn">
<var>${ChromeOptions}</var>
<arg>sys.modules['selenium.webdriver'].ChromeOptions()</arg>
<arg>sys, selenium.webdriver</arg>
<doc>Evaluates the given expression in Python and returns the result.</doc>
<msg timestamp="20240111 13:55:49.354" level="INFO">${ChromeOptions} = &lt;selenium.webdriver.chrome.options.Options object at 0x000001A7EB566210&gt;</msg>
<status status="PASS" starttime="20240111 13:55:49.354" endtime="20240111 13:55:49.354"/>
</kw>
<kw name="Call Method" library="BuiltIn">
<arg>${ChromeOptions}</arg>
<arg>add_extension</arg>
<arg>${adblocker_crx_path}</arg>
<doc>Calls the named method of the given object with the provided arguments.</doc>
<status status="PASS" starttime="20240111 13:55:49.354" endtime="20240111 13:55:49.355"/>
</kw>
<kw name="Evaluate" library="BuiltIn">
<var>${dc}</var>
<arg>sys.modules['selenium.webdriver'].DesiredCapabilities.CHROME</arg>
<arg>sys, selenium.webdriver</arg>
<doc>Evaluates the given expression in Python and returns the result.</doc>
<msg timestamp="20240111 13:55:49.355" level="INFO">${dc} = {'browserName': 'chrome'}</msg>
<status status="PASS" starttime="20240111 13:55:49.355" endtime="20240111 13:55:49.355"/>
</kw>
<kw name="Call Method" library="BuiltIn">
<var>${Options}</var>
<arg>${ChromeOptions}</arg>
<arg>to_capabilities</arg>
<doc>Calls the named method of the given object with the provided arguments.</doc>
<msg timestamp="20240111 13:55:49.429" level="INFO">${Options} = {'browserName': 'chrome', 'pageLoadStrategy': 'normal', 'goog:chromeOptions': {'extensions': ['Q3IyNAMAAAAYBAAAEqwECqYCMIIBIjANBgkqhkiG9w0BAQEFAAOCAQ8AMIIBCgKCAQEAj/u/XDdjlDyw7gHEtaaasZ9GdG8WOKAyJzXd8...</msg>
<status status="PASS" starttime="20240111 13:55:49.356" endtime="20240111 13:55:49.429"/>
</kw>
<kw name="Create Webdriver" library="SeleniumLibrary">
<arg>Chrome</arg>
<arg>chrome_options=${chrome_options}</arg>
<arg>desired_capabilities=${dc}</arg>
<doc>Creates an instance of Selenium WebDriver.</doc>
<msg timestamp="20240111 13:55:49.430" level="INFO">Creating an instance of the Chrome WebDriver.</msg>
<status status="PASS" starttime="20240111 13:55:49.430" endtime="20240111 13:55:53.268"/>
</kw>
<kw name="Go To" library="SeleniumLibrary">
<arg>${BASE_URL}</arg>
<doc>Navigates the current browser window to the provided ``url``.</doc>
<msg timestamp="20240111 13:55:53.268" level="INFO">Opening url 'http://automationexercise.com'</msg>
<status status="PASS" starttime="20240111 13:55:53.268" endtime="20240111 13:55:56.273"/>
</kw>
<status status="PASS" starttime="20240111 13:55:49.353" endtime="20240111 13:55:56.274"/>
</kw>
<kw name="Wait Until Page Contains Element" library="SeleniumLibrary">
<arg>${page_indicate}</arg>
<arg>timeout=10s</arg>
<doc>Waits until the element ``locator`` appears on the current page.</doc>
<status status="PASS" starttime="20240111 13:55:56.275" endtime="20240111 13:55:56.312"/>
</kw>
<kw name="Element Should Be Visible" library="SeleniumLibrary">
<arg>${page_indicate}</arg>
<doc>Verifies that the element identified by ``locator`` is visible.</doc>
<msg timestamp="20240111 13:55:56.371" level="INFO">Element 'xpath=//*[contains(text(),'Full-Fledged practice website for Automation Engineers')]' is displayed.</msg>
<status status="PASS" starttime="20240111 13:55:56.312" endtime="20240111 13:55:56.371"/>
</kw>
<kw name="Click Element" library="SeleniumLibrary">
<arg>${product_page}</arg>
<doc>Click the element identified by ``locator``.</doc>
<msg timestamp="20240111 13:55:56.373" level="INFO">Clicking element 'xpath=//*[@id="header"]/div/div/div/div[2]/div/ul/li[2]/a'.</msg>
<status status="PASS" starttime="20240111 13:55:56.372" endtime="20240111 13:56:03.118"/>
</kw>
<kw name="Get Text" library="SeleniumLibrary">
<var>${actual_text1}</var>
<arg>${product_page_indicate}</arg>
<doc>Returns the text value of the element identified by ``locator``.</doc>
<msg timestamp="20240111 13:56:03.171" level="INFO">${actual_text1} = ALL PRODUCTS</msg>
<status status="PASS" starttime="20240111 13:56:03.120" endtime="20240111 13:56:03.171"/>
</kw>
<kw name="Should Be Equal As Strings" library="BuiltIn">
<arg>${actual_text1}</arg>
<arg>ALL PRODUCTS</arg>
<doc>Fails if objects are unequal after converting them to strings.</doc>
<status status="PASS" starttime="20240111 13:56:03.172" endtime="20240111 13:56:03.172"/>
</kw>
<kw name="Click Element" library="SeleniumLibrary">
<arg>${first_product_view}</arg>
<doc>Click the element identified by ``locator``.</doc>
<msg timestamp="20240111 13:56:03.173" level="INFO">Clicking element 'xpath=/html/body/section[2]/div/div/div[2]/div/div[2]/div/div[2]/ul/li/a'.</msg>
<status status="PASS" starttime="20240111 13:56:03.173" endtime="20240111 13:56:04.271"/>
</kw>
<kw name="Wait Until Element Is Visible" library="SeleniumLibrary">
<arg>${first_product_detail_page}</arg>
<doc>Waits until the element ``locator`` is visible.</doc>
<status status="PASS" starttime="20240111 13:56:04.272" endtime="20240111 13:56:04.313"/>
</kw>
<kw name="Get Text" library="SeleniumLibrary">
<var>${actual_text2}</var>
<arg>${product_name}</arg>
<doc>Returns the text value of the element identified by ``locator``.</doc>
<msg timestamp="20240111 13:56:04.370" level="INFO">${actual_text2} = Blue Top</msg>
<status status="PASS" starttime="20240111 13:56:04.314" endtime="20240111 13:56:04.370"/>
</kw>
<kw name="Should Be Equal As Strings" library="BuiltIn">
<arg>${actual_text2}</arg>
<arg>Blue Top</arg>
<doc>Fails if objects are unequal after converting them to strings.</doc>
<status status="PASS" starttime="20240111 13:56:04.371" endtime="20240111 13:56:04.372"/>
</kw>
<kw name="Get Text" library="SeleniumLibrary">
<var>${actual_text3}</var>
<arg>${category}</arg>
<doc>Returns the text value of the element identified by ``locator``.</doc>
<msg timestamp="20240111 13:56:04.408" level="INFO">${actual_text3} = Category: Women &gt; Tops</msg>
<status status="PASS" starttime="20240111 13:56:04.372" endtime="20240111 13:56:04.408"/>
</kw>
<kw name="Should Be Equal As Strings" library="BuiltIn">
<arg>${actual_text3}</arg>
<arg>Category: Women &gt; Tops</arg>
<doc>Fails if objects are unequal after converting them to strings.</doc>
<status status="PASS" starttime="20240111 13:56:04.409" endtime="20240111 13:56:04.409"/>
</kw>
<kw name="Get Text" library="SeleniumLibrary">
<var>${actual_text4}</var>
<arg>${price}</arg>
<doc>Returns the text value of the element identified by ``locator``.</doc>
<msg timestamp="20240111 13:56:04.446" level="INFO">${actual_text4} = Rs. 500</msg>
<status status="PASS" starttime="20240111 13:56:04.409" endtime="20240111 13:56:04.446"/>
</kw>
<kw name="Should Be Equal As Strings" library="BuiltIn">
<arg>${actual_text4}</arg>
<arg>Rs. 500</arg>
<doc>Fails if objects are unequal after converting them to strings.</doc>
<status status="PASS" starttime="20240111 13:56:04.447" endtime="20240111 13:56:04.448"/>
</kw>
<kw name="Get Text" library="SeleniumLibrary">
<var>${actual_text5}</var>
<arg>${availability}</arg>
<doc>Returns the text value of the element identified by ``locator``.</doc>
<msg timestamp="20240111 13:56:04.482" level="INFO">${actual_text5} = Availability: In Stock</msg>
<status status="PASS" starttime="20240111 13:56:04.449" endtime="20240111 13:56:04.482"/>
</kw>
<kw name="Should Be Equal As Strings" library="BuiltIn">
<arg>${actual_text5}</arg>
<arg>Availability: In Stock</arg>
<doc>Fails if objects are unequal after converting them to strings.</doc>
<status status="PASS" starttime="20240111 13:56:04.482" endtime="20240111 13:56:04.483"/>
</kw>
<kw name="Get Text" library="SeleniumLibrary">
<var>${actual_text6}</var>
<arg>${condition}</arg>
<doc>Returns the text value of the element identified by ``locator``.</doc>
<msg timestamp="20240111 13:56:04.522" level="INFO">${actual_text6} = Condition: New</msg>
<status status="PASS" starttime="20240111 13:56:04.484" endtime="20240111 13:56:04.522"/>
</kw>
<kw name="Should Be Equal As Strings" library="BuiltIn">
<arg>${actual_text6}</arg>
<arg>Condition: New</arg>
<doc>Fails if objects are unequal after converting them to strings.</doc>
<status status="PASS" starttime="20240111 13:56:04.523" endtime="20240111 13:56:04.523"/>
</kw>
<kw name="Get Text" library="SeleniumLibrary">
<var>${actual_text7}</var>
<arg>${brand}</arg>
<doc>Returns the text value of the element identified by ``locator``.</doc>
<msg timestamp="20240111 13:56:04.558" level="INFO">${actual_text7} = Brand: Polo</msg>
<status status="PASS" starttime="20240111 13:56:04.524" endtime="20240111 13:56:04.558"/>
</kw>
<kw name="Should Be Equal As Strings" library="BuiltIn">
<arg>${actual_text7}</arg>
<arg>Brand: Polo</arg>
<doc>Fails if objects are unequal after converting them to strings.</doc>
<status status="PASS" starttime="20240111 13:56:04.559" endtime="20240111 13:56:04.559"/>
</kw>
<doc>Opens the website, open products page and verify all product details</doc>
<status status="PASS" starttime="20240111 13:55:49.352" endtime="20240111 13:56:04.560"/>
</test>
<status status="PASS" starttime="20240111 13:55:48.926" endtime="20240111 13:56:04.562"/>
</suite>
<statistics>
<total>
<stat pass="1" fail="0" skip="0">All Tests</stat>
</total>
<tag>
</tag>
<suite>
<stat pass="1" fail="0" skip="0" id="s1" name="TestCase8 products page">TestCase8 products page</stat>
</suite>
</statistics>
<errors>
</errors>
</robot>
