<?xml version="1.0" encoding="UTF-8"?>
<robot generator="Robot 6.1.1 (Python 3.12.0 on linux)" generated="20240131 15:47:51.241" rpa="false" schemaversion="4">
<suite id="s1" name="Demo" source="/workspaces/RobotFrameworkPortfolio_Salona/tests/test_suites_01/demo.robot">
<test id="s1-t1" name="Open Chrome Browser In Headless Mode With Adblock Extension" line="10">
<kw name="Evaluate" library="BuiltIn">
<var>${chrome_options}</var>
<arg>sys.modules['selenium.webdriver'].ChromeOptions()</arg>
<arg>sys, selenium.webdriver</arg>
<doc>Evaluates the given expression in Python and returns the result.</doc>
<msg timestamp="20240131 15:47:51.428" level="INFO">${chrome_options} = &lt;selenium.webdriver.chrome.options.Options object at 0x7f9e1d00f5c0&gt;</msg>
<status status="PASS" starttime="20240131 15:47:51.428" endtime="20240131 15:47:51.428"/>
</kw>
<kw name="Call Method" library="BuiltIn">
<arg>${ChromeOptions}</arg>
<arg>add_extension</arg>
<arg>${EXTENSION_PATH}</arg>
<doc>Calls the named method of the given object with the provided arguments.</doc>
<status status="PASS" starttime="20240131 15:47:51.428" endtime="20240131 15:47:51.429"/>
</kw>
<kw name="Call Method" library="BuiltIn">
<arg>${chrome_options}</arg>
<arg>add_argument</arg>
<arg>--headless</arg>
<doc>Calls the named method of the given object with the provided arguments.</doc>
<status status="PASS" starttime="20240131 15:47:51.429" endtime="20240131 15:47:51.429"/>
</kw>
<kw name="Create Webdriver" library="SeleniumLibrary">
<arg>Chrome</arg>
<arg>chrome_options=${chrome_options}</arg>
<arg>executable_path=${CHROMEDRIVER_PATH}</arg>
<doc>Creates an instance of Selenium WebDriver.</doc>
<msg timestamp="20240131 15:47:51.429" level="INFO">Creating an instance of the Chrome WebDriver.</msg>
<msg timestamp="20240131 15:47:51.429" level="INFO">Cannot capture screenshot because no browser is open.</msg>
<msg timestamp="20240131 15:47:51.430" level="FAIL">TypeError: WebDriver.__init__() got an unexpected keyword argument 'chrome_options'</msg>
<status status="FAIL" starttime="20240131 15:47:51.429" endtime="20240131 15:47:51.431"/>
</kw>
<kw name="Go To" library="SeleniumLibrary">
<arg>${URL}</arg>
<doc>Navigates the current browser window to the provided ``url``.</doc>
<status status="NOT RUN" starttime="20240131 15:47:51.431" endtime="20240131 15:47:51.431"/>
</kw>
<kw name="Close Browser" library="SeleniumLibrary">
<doc>Closes the current browser.</doc>
<status status="NOT RUN" starttime="20240131 15:47:51.431" endtime="20240131 15:47:51.431"/>
</kw>
<status status="FAIL" starttime="20240131 15:47:51.427" endtime="20240131 15:47:51.431">TypeError: WebDriver.__init__() got an unexpected keyword argument 'chrome_options'</status>
</test>
<status status="FAIL" starttime="20240131 15:47:51.242" endtime="20240131 15:47:51.432"/>
</suite>
<statistics>
<total>
<stat pass="0" fail="1" skip="0">All Tests</stat>
</total>
<tag>
</tag>
<suite>
<stat pass="0" fail="1" skip="0" id="s1" name="Demo">Demo</stat>
</suite>
</statistics>
<errors>
</errors>
</robot>
