<?xml version="1.0" encoding="UTF-8"?>
<robot generator="Robot 6.0.1 (Python 3.11.1 on win32)" generated="20240108 16:17:27.185" rpa="false" schemaversion="3">
<suite id="s1" name="TestCase6 contact form" source="C:\Tests\RobotFrameworkPorfolio\tests\test_suites_01\TestCase6_contact_form.robot">
<test id="s1-t1" name="Open Website and go to contact us" line="21">
<kw name="Open Browser" library="SeleniumLibrary">
<arg>http://automationexercise.com</arg>
<arg>chrome</arg>
<arg>executable_path= ../../chromedriver.exe</arg>
<doc>Opens a new browser instance to the optional ``url``.</doc>
<msg timestamp="20240108 16:17:27.564" level="INFO">Opening browser 'chrome' to base url 'http://automationexercise.com'.</msg>
<status status="PASS" starttime="20240108 16:17:27.563" endtime="20240108 16:17:34.463"/>
</kw>
<kw name="Wait Until Page Contains Element" library="SeleniumLibrary">
<arg>${page_indicate}</arg>
<arg>timeout=10s</arg>
<doc>Waits until the element ``locator`` appears on the current page.</doc>
<status status="PASS" starttime="20240108 16:17:34.464" endtime="20240108 16:17:34.488"/>
</kw>
<kw name="Element Should Be Visible" library="SeleniumLibrary">
<arg>${page_indicate}</arg>
<doc>Verifies that the element identified by ``locator`` is visible.</doc>
<msg timestamp="20240108 16:17:34.524" level="INFO">Element 'xpath=//*[contains(text(),'Full-Fledged practice website for Automation Engineers')]' is displayed.</msg>
<status status="PASS" starttime="20240108 16:17:34.488" endtime="20240108 16:17:34.524"/>
</kw>
<kw name="Click Element" library="SeleniumLibrary">
<arg>${contactus_page}</arg>
<doc>Click the element identified by ``locator``.</doc>
<msg timestamp="20240108 16:17:34.526" level="INFO">Clicking element 'xpath=//*[@id="header"]/div/div/div/div[2]/div/ul/li[8]/a'.</msg>
<status status="PASS" starttime="20240108 16:17:34.525" endtime="20240108 16:17:36.822"/>
</kw>
<kw name="Get Text" library="SeleniumLibrary">
<var>${actual_text}</var>
<arg>${contactus_page_indicator}</arg>
<doc>Returns the text value of the element identified by ``locator``.</doc>
<msg timestamp="20240108 16:17:36.861" level="INFO">${actual_text} = GET IN TOUCH</msg>
<status status="PASS" starttime="20240108 16:17:36.822" endtime="20240108 16:17:36.862"/>
</kw>
<kw name="Should Be Equal As Strings" library="BuiltIn">
<arg>${actual_text}</arg>
<arg>GET IN TOUCH</arg>
<doc>Fails if objects are unequal after converting them to strings.</doc>
<status status="PASS" starttime="20240108 16:17:36.862" endtime="20240108 16:17:36.863"/>
</kw>
<doc>Opens the website, open contact us form and verify if page is opened</doc>
<status status="PASS" starttime="20240108 16:17:27.562" endtime="20240108 16:17:36.863"/>
</test>
<test id="s1-t2" name="Fill up contact us form" line="31">
<kw name="Input Text" library="SeleniumLibrary">
<arg>${name_locator}</arg>
<arg>RandomName</arg>
<doc>Types the given ``text`` into the text field identified by ``locator``.</doc>
<msg timestamp="20240108 16:17:36.866" level="INFO">Typing text 'RandomName' into text field 'xpath=//*[@name="name"]'.</msg>
<status status="PASS" starttime="20240108 16:17:36.866" endtime="20240108 16:17:37.075"/>
</kw>
<kw name="Input Text" library="SeleniumLibrary">
<arg>${email_locator}</arg>
<arg>randomemail@t.coo</arg>
<doc>Types the given ``text`` into the text field identified by ``locator``.</doc>
<msg timestamp="20240108 16:17:37.077" level="INFO">Typing text 'randomemail@t.coo' into text field 'xpath=//*[@name="email"]'.</msg>
<status status="PASS" starttime="20240108 16:17:37.077" endtime="20240108 16:17:37.220"/>
</kw>
<kw name="Input Text" library="SeleniumLibrary">
<arg>${subject_locator}</arg>
<arg>AutoTestSubject</arg>
<doc>Types the given ``text`` into the text field identified by ``locator``.</doc>
<msg timestamp="20240108 16:17:37.221" level="INFO">Typing text 'AutoTestSubject' into text field 'xpath=//*[@name="subject"]'.</msg>
<status status="PASS" starttime="20240108 16:17:37.221" endtime="20240108 16:17:37.377"/>
</kw>
<kw name="Input Text" library="SeleniumLibrary">
<arg>${message_locator}</arg>
<arg>This is a random message.123</arg>
<doc>Types the given ``text`` into the text field identified by ``locator``.</doc>
<msg timestamp="20240108 16:17:37.378" level="INFO">Typing text 'This is a random message.123' into text field 'xpath=//*[@id="message"]'.</msg>
<status status="PASS" starttime="20240108 16:17:37.377" endtime="20240108 16:17:37.527"/>
</kw>
<kw name="Scroll Element Into View" library="SeleniumLibrary">
<arg>${file_locator}</arg>
<doc>Scrolls the element identified by ``locator`` into view.</doc>
<status status="PASS" starttime="20240108 16:17:37.528" endtime="20240108 16:17:37.828"/>
</kw>
<kw name="Sleep" library="BuiltIn">
<arg>5s</arg>
<doc>Pauses the test executed for the given time.</doc>
<msg timestamp="20240108 16:17:42.829" level="INFO">Slept 5 seconds</msg>
<status status="PASS" starttime="20240108 16:17:37.829" endtime="20240108 16:17:42.829"/>
</kw>
<kw name="Choose File" library="SeleniumLibrary">
<arg>${file_locator}</arg>
<arg>${file_path}</arg>
<doc>Inputs the ``file_path`` into the file input field ``locator``.</doc>
<msg timestamp="20240108 16:17:42.831" level="INFO">Sending C:\Tests\RobotFrameworkPorfolio\fileUpload.pdf to browser.</msg>
<status status="PASS" starttime="20240108 16:17:42.830" endtime="20240108 16:17:42.880"/>
</kw>
<kw name="Click Element" library="SeleniumLibrary">
<arg>${submit_locator}</arg>
<doc>Click the element identified by ``locator``.</doc>
<msg timestamp="20240108 16:17:42.881" level="INFO">Clicking element 'xpath=//*[@name="submit"]'.</msg>
<status status="PASS" starttime="20240108 16:17:42.880" endtime="20240108 16:17:42.983"/>
</kw>
<kw name="Handle Alert" library="SeleniumLibrary">
<arg>ACCEPT</arg>
<doc>Handles the current alert and returns its message.</doc>
<msg timestamp="20240108 16:17:42.984" level="INFO">HANDLE::&lt;class 'NoneType'&gt;::None</msg>
<status status="PASS" starttime="20240108 16:17:42.984" endtime="20240108 16:17:42.992"/>
</kw>
<kw name="Get Text" library="SeleniumLibrary">
<var>${actual_text}</var>
<arg>${info_send_success}</arg>
<doc>Returns the text value of the element identified by ``locator``.</doc>
<msg timestamp="20240108 16:17:43.025" level="INFO">${actual_text} = Success! Your details have been submitted successfully.</msg>
<status status="PASS" starttime="20240108 16:17:42.993" endtime="20240108 16:17:43.025"/>
</kw>
<kw name="Should Be Equal As Strings" library="BuiltIn">
<arg>${actual_text}</arg>
<arg>Success! Your details have been submitted successfully.</arg>
<doc>Fails if objects are unequal after converting them to strings.</doc>
<status status="PASS" starttime="20240108 16:17:43.026" endtime="20240108 16:17:43.026"/>
</kw>
<kw name="Click Element" library="SeleniumLibrary">
<arg>${home_button}</arg>
<doc>Click the element identified by ``locator``.</doc>
<msg timestamp="20240108 16:17:43.028" level="INFO">Clicking element 'xpath=//*[@id="form-section"]/a'.</msg>
<status status="PASS" starttime="20240108 16:17:43.027" endtime="20240108 16:17:43.123"/>
</kw>
<kw name="Wait Until Page Contains Element" library="SeleniumLibrary">
<arg>${page_indicate}</arg>
<arg>timeout=10s</arg>
<doc>Waits until the element ``locator`` appears on the current page.</doc>
<status status="PASS" starttime="20240108 16:17:43.124" endtime="20240108 16:17:48.572"/>
</kw>
<kw name="Element Should Be Visible" library="SeleniumLibrary">
<arg>${page_indicate}</arg>
<doc>Verifies that the element identified by ``locator`` is visible.</doc>
<msg timestamp="20240108 16:17:48.628" level="INFO">Element 'xpath=//*[contains(text(),'Full-Fledged practice website for Automation Engineers')]' is displayed.</msg>
<status status="PASS" starttime="20240108 16:17:48.573" endtime="20240108 16:17:48.628"/>
</kw>
<doc>Fill up the contact us page with all the details</doc>
<status status="PASS" starttime="20240108 16:17:36.865" endtime="20240108 16:17:48.628"/>
</test>
<status status="PASS" starttime="20240108 16:17:27.188" endtime="20240108 16:17:48.631"/>
</suite>
<statistics>
<total>
<stat pass="2" fail="0" skip="0">All Tests</stat>
</total>
<tag>
</tag>
<suite>
<stat pass="2" fail="0" skip="0" id="s1" name="TestCase6 contact form">TestCase6 contact form</stat>
</suite>
</statistics>
<errors>
</errors>
</robot>
